Reading file A12D_Big.sof ....Please wait
The input file A12D_Big.sof has not been completely loaded.
Current size of buffer: 10000.
Last character read from the input file is: e 101
Input file size: 32532

Printing buffer parameters:

The capacity of the buffer is:  10000
The current size of the buffer is:  10000
The operational mode of the buffer is: m
The increment factor of the buffer is:  10
The first symbol in the buffer is:  @
The value of the flags field is: 00

Printing buffer contents:

@ SOFIA Example
  The program is "lexically" correct
  and should not generate any error @
&MAIN {
	DATA {
	}
	CODE {
		WRITE("
Lorem ipsum dolor sit amet, consectetur adipiscing elit. Aliquam non lacus erat. Fusce venenatis mattis enim, et pretium velit condimentum quis. Integer at viverra mi. Phasellus nec leo est. Nullam at gravida ligula, nec elementum est. Etiam pretium sapien felis, eu sollicitudin libero maximus ut. Sed fringilla consectetur orci, eu gravida odio elementum eget. Morbi et arcu at tortor lobortis sodales. Phasellus et dictum urna. Nunc vitae dolor lacinia, ullamcorper nulla rhoncus, auctor nisl. Quisque egestas feugiat convallis. Donec eu sem id lacus rutrum aliquam. Donec interdum nibh tortor, eu volutpat enim viverra sed. Cras quis scelerisque dolor, sit amet sodales erat.

Proin vitae convallis tortor. Phasellus faucibus dui at mi convallis, at condimentum mi eleifend. Duis eu pharetra orci. Donec gravida purus nunc, a sodales velit volutpat sed. Sed vel tortor non enim luctus vehicula sed ac nibh. Ut mauris dolor, sagittis eget faucibus eu, sodales sit amet lorem. Nulla faucibus eros in justo scelerisque tincidunt. Lorem ipsum dolor sit amet, consectetur adipiscing elit. Proin scelerisque mi sed aliquam ultrices. Quisque a est mauris. Maecenas ut dui venenatis, sodales arcu id, sollicitudin diam. Mauris egestas nulla sed faucibus venenatis. Integer placerat ultricies metus vulputate scelerisque. Aliquam erat volutpat.

Morbi sed bibendum ipsum. Praesent eleifend aliquet feugiat. Pellentesque habitant morbi tristique senectus et netus et malesuada fames ac turpis egestas. Etiam et finibus magna. Proin accumsan lacus eu lectus posuere, in gravida eros sollicitudin. Quisque diam lorem, lacinia eu sem id, pellentesque venenatis elit. Praesent mauris elit, suscipit et odio at, sollicitudin rhoncus ipsum. Phasellus varius rhoncus libero hendrerit placerat.

Sed nibh quam, convallis nec porttitor in, tempor at sapien. Aenean volutpat est nec nunc eleifend blandit. Nulla pulvinar dui et auctor imperdiet. Maecenas in eros aliquet, lobortis turpis a, semper ipsum. Ut porta lobortis nisi, sagittis iaculis est ornare vitae. Sed laoreet malesuada dolor nec lobortis. Donec ornare felis tristique iaculis feugiat. Aliquam ultricies tristique lobortis. Cras tincidunt quam at hendrerit ullamcorper. Phasellus molestie tellus cursus, efficitur massa rhoncus, placerat lorem. Nam sit amet elementum leo. Suspendisse eu elit felis. Etiam aliquam dolor a eros faucibus semper. Mauris dapibus sollicitudin quam, ut tempor tellus. Praesent in orci eu enim gravida eleifend nec non velit. Mauris venenatis nisi mauris, non maximus eros efficitur sed.

Vivamus eget massa eu ipsum accumsan efficitur. Aenean feugiat, metus et porta accumsan, mi ligula lacinia leo, in ornare est quam vel urna. Pellentesque hendrerit diam enim, non iaculis tortor commodo ac. Donec ullamcorper efficitur interdum. Vivamus aliquet scelerisque arcu, sit amet vulputate orci fermentum quis. Integer rutrum posuere vulputate. Proin vestibulum turpis iaculis tellus eleifend, vitae ultricies ligula fringilla. Sed lectus arcu, cursus sit amet vulputate eget, eleifend at diam. Lorem ipsum dolor sit amet, consectetur adipiscing elit. Ut blandit rhoncus justo quis gravida. Duis nulla erat, vulputate vitae vehicula congue, convallis a leo.

Duis laoreet vel enim quis ultrices. Sed accumsan, velit et tincidunt facilisis, elit dui accumsan libero, nec elementum sem tellus at lacus. Morbi tempor eleifend risus in malesuada. Fusce et lacus sit amet risus sollicitudin varius. Nulla quis libero vel odio pharetra varius. Mauris eu justo tempor, faucibus metus et, finibus ipsum. Orci varius natoque penatibus et magnis dis parturient montes, nascetur ridiculus mus. Aliquam commodo, libero sit amet eleifend sodales, est lorem elementum magna, ac commodo sem leo nec eros. Quisque tincidunt tincidunt est in accumsan. Morbi finibus lobortis lorem, a bibendum turpis dapibus eget. Mauris malesuada consequat faucibus.

Aenean mollis odio in fermentum pretium. Integer quis neque dapibus, iaculis augue nec, mollis justo. Curabitur vehicula fermentum pharetra. Nunc ligula diam, convallis non semper ut, aliquam in sem. Duis pulvinar fermentum nisi finibus maximus. Nam in varius libero. Nam a elementum diam, quis consectetur mauris. Vivamus eget eros id dolor commodo pulvinar et lobortis velit. Phasellus eu tellus ligula. Nam ultrices sem venenatis ipsum auctor, at dapibus leo scelerisque. Sed et pharetra eros. Sed euismod cursus eros.

Proin tempor a urna et euismod. Etiam velit nulla, rhoncus sed purus a, hendrerit interdum arcu. Nam euismod ex vel diam vehicula, a gravida mauris fermentum. In hac habitasse platea dictumst. Etiam non eros pellentesque, dignissim arcu a, maximus odio. Ut sit amet risus iaculis, aliquam enim eu, fringilla nunc. Nullam at ultrices magna. Donec velit nunc, euismod quis fringilla non, placerat vel ipsum. Vivamus tempus, est eu sollicitudin sodales, ipsum lacus dapibus quam, nec tempor eros ex aliquet massa.

Nunc sit amet bibendum lacus. Vestibulum fringilla turpis nunc, nec tincidunt lacus pretium eu. Cras sagittis lacinia sapien sit amet tristique. Suspendisse malesuada justo id erat dictum vestibulum. Suspendisse eleifend risus quis semper lacinia. Aliquam gravida mauris at dictum dictum. Mauris auctor aliquet ullamcorper. Pellentesque habitant morbi tristique senectus et netus et malesuada fames ac turpis egestas. Morbi congue dui a neque posuere commodo. Integer varius molestie arcu, ut interdum mi mattis auctor. In non dolor lacinia elit venenatis tempus eu vel enim. Nulla vel pulvinar augue.

Quisque eget iaculis ante. Curabitur molestie interdum cursus. Proin et quam id massa posuere interdum. Proin tincidunt ultrices enim nec eleifend. Sed a sem eleifend, commodo turpis et, volutpat nisl. Donec vel turpis sed dui sagittis viverra eu in mi. Orci varius natoque penatibus et magnis dis parturient montes, nascetur ridiculus mus. Vivamus eu leo vestibulum, scelerisque ipsum at, pretium ligula.

Quisque sit amet justo vitae lectus accumsan maximus nec ac elit. Nam in nulla neque. In in sollicitudin lacus. Praesent sed ipsum ac dui lacinia semper vitae et leo. Suspendisse potenti. Proin dictum viverra augue quis varius. Morbi neque mauris, volutpat eget accumsan ut, sagittis eu diam. Curabitur varius quis justo a condimentum. Integer eleifend pharetra dolor, vitae dapibus leo luctus at. Nulla malesuada dui non sodales bibendum. Aenean sagittis sapien quis tellus tincidunt faucibus. Etiam mattis lorem in accumsan volutpat. Vivamus nunc ante, sagittis in bibendum ut, viverra eu tellus. Nulla congue vehicula ipsum, ut eleifend risus suscipit non.

Sed mattis lorem facilisis tellus cursus sodales. Nunc nulla justo, porta vel ante sed, elementum molestie risus. Praesent venenatis metus eu vestibulum congue. Etiam consectetur velit leo, eget auctor felis ullamcorper ac. Pellentesque imperdiet est dui, molestie interdum ipsum maximus eu. Sed tincidunt pulvinar nunc eget dapibus. Phasellus vulputate elit orci, eu condimentum sapien aliquam sagittis. Donec pellentesque mi eu tristique pharetra. Nullam scelerisque, lectus in ornare varius, turpis eros feugiat urna, sit amet vestibulum risus sem eu urna. Phasellus in ligula gravida, consectetur diam eu, tincidunt leo. Maecenas id purus eleifend, vehicula metus vel, egestas ex. Proin at mollis elit, non interdum metus.

Duis efficitur urna et tincidunt hendrerit. Nam non nunc pellentesque, pretium odio in, elementum sem. Duis fringilla erat a feugiat malesuada. Morbi ut urna sit amet libero feugiat convallis. Donec malesuada, tellus eget lobortis imperdiet, turpis nisl dignissim ipsum, sed dignissim metus erat vestibulum urna. Nullam efficitur accumsan suscipit. Donec ornare mauris in ipsum dignissim dapibus. Suspendisse quis sapien id dui fringilla pretium ac sed mauris. Morbi quis pellentesque enim. Phasellus mi justo, aliquam ac velit eu, molestie bibendum nisi. Fusce vehicula ligula lectus, non faucibus velit pretium ut. Donec laoreet ligula id egestas ullamcorper. Sed quam quam, maximus at convallis id, bibendum id arcu. Maecenas scelerisque massa et est tempor, vel gravida arcu sollicitudin. Nullam vulputate facilisis sapien at faucibus. Nulla in augue sodales, consequat leo id, venenatis dolor.

Pellentesque habitant morbi tristique senectus et netus et malesuada fames ac turpis egestas. Praesent tempus nunc augue, ut viverra nunc dapibus non. In eget dui nec urna dapibus volutpat. Cras finibus leo lacus, a finibus massa aliquam et. Phasellus aliquam, magna et viverra scelerisque, ligula neque dictum purus, ac consectetur lacus justo at lectus. Ut est lectus, suscipit vel nibh gravida, faucibus maximus leo. Duis tempus libero turpis, ac auctor ipsum sodales ut. Orci varius natoque penatibus et magnis dis parturient montes, nascetur ridiculus mus.

Etiam varius lorem et pellentesque consectetur. Nunc at suscipit lorem, tristique ullamcorper est. Aliquam congue a felis tincidunt eleifend. Cras euismod pretium tortor, et fringilla eros elementum non. Nulla facilisi. Integer euismod ex id dolor pellentesque hendrerit et non urna. Aenean dignissim ipsum sit amet consectetur dictum. In imperdiet faucibus orci nec tempus. Sed a efficitur risus. Fusce vel metus luctus, varius diam sed, ullamcorper libero. Maecenas ante tortor, aliquet et lacus et, ultricies feugiat sapien. Nunc sit amet nisi sed orci euismod accumsan sed ut purus.

Ut gravida iaculis quam. Sed egestas urna at sapien interdum, id condimentum diam dapibus. Duis ac orci dignissim, faucibus elit nec, consectetur quam. Mauris ut eleifend odio. Mauris tempus condimentum rhoncus. Quisque lobortis volutpat convallis. Nulla vel leo ut metus condimentum tincidunt a sit amet arcu.

Aenean venenatis viverra libero id condimentum. Suspendisse aliquam lorem eget facilisis egestas. Quisque accumsan, turpis eu 